<?xml version="1.0" encoding="UTF-8"?>
<testsuite xmlns:xsi="http://www.w3.org/2001/XMLSchema-instance" xsi:noNamespaceSchemaLocation="https://maven.apache.org/surefire/maven-failsafe-plugin/xsd/failsafe-test-report-3.0.xsd" version="3.0" name="Api_Netbox_Zabbix_Integration.CucumberTestSuite" time="143.541" tests="10" errors="0" skipped="0" failures="0">
  <properties>
[...]
</properties>
  <testcase name="Create Device with all the features #1" classname="Create NETBOX to ZABBIX" time="17.934">
    <system-out><![CDATA[18:40:22.480 [main] INFO   - 

-------------------------------------------------------------------------------------
     _______. _______ .______       _______ .__   __.  __  .___________.____    ____ 
    /       ||   ____||   _  \     |   ____||  \ |  | |  | |           |\   \  /   / 
   |   (----`|  |__   |  |_)  |    |  |__   |   \|  | |  | `---|  |----` \   \/   /  
    \   \    |   __|  |      /     |   __|  |  . `  | |  |     |  |       \_    _/   
.----)   |   |  |____ |  |\  \----.|  |____ |  |\   | |  |     |  |         |  |     
|_______/    |_______|| _| `._____||_______||__| \__| |__|     |__|         |__|    
                                                                                     
 News and tutorials at http://www.serenity-bdd.info                                  
 Documentation at https://wakaleo.gitbooks.io/the-serenity-book/content/             
 Join the Serenity Community on Gitter: https://gitter.im/serenity-bdd/serenity-core 
 Serenity BDD Support and Training at http://serenity-bdd.info/#/trainingandsupport  
-------------------------------------------------------------------------------------

18:40:22.485 [main] INFO   - Test Suite Started: Create NETBOX to ZABBIX
18:40:22.499 [main] INFO   - Test Suite Started: Delete devices from NETBOX to ZABBIX
18:40:22.502 [main] INFO   - Test Suite Started: Create NETBOX to ZABBIX

Scenario Outline: Create Device with all the features                  &amp#27;[90m# src/test/resources/features/1_Create_Device.feature:22&amp#27;[0m
18:40:22.645 [main] INFO   - 
  _____   ___   ___   _____     ___   _____     _     ___   _____   ___   ___  
 |_   _| | __| / __| |_   _|   / __| |_   _|   /_\   | _ \ |_   _| | __| |   \ 
   | |   | _|  \__ \   | |     \__ \   | |    / _ \  |   /   | |   | _|  | |) |
   |_|   |___| |___/   |_|     |___/   |_|   /_/ \_\ |_|_\   |_|   |___| |___/ 

Create Device with all the features(create-netbox-to-zabbix;create-device-with-all-the-features)
--------------------------------------------------------------------------------
18:40:23.294 [main] INFO  n.s.c.w.d.ChromeDriverProvider - Starting Chrome driver instance with capabilities:
18:40:23.296 [main] INFO  n.s.c.w.d.ChromeDriverProvider - Capabilities {acceptInsecureCerts: false, browserName: chrome, goog:chromeOptions: {args: [remote-allow-origins=*], extensions: []}}
  &amp#27;[32mGiven &amp#27;[0m&amp#27;[32mI am creating a device in Netbox&amp#27;[0m                               &amp#27;[90m# Api_Netbox_Zabbix_Integration.stepdefinitions.CreateDeviceStepDef.i_am_creating_a_device_in_netbox()&amp#27;[0m
  &amp#27;[32mWhen &amp#27;[0m&amp#27;[32mThe field Name is &amp#27;[0m&amp#27;[32m&amp#27;[1m"E01_Test-01"&amp#27;[0m                                 &amp#27;[90m# Api_Netbox_Zabbix_Integration.stepdefinitions.CreateDeviceStepDef.the_field_name_is(java.lang.String)&amp#27;[0m
  &amp#27;[32mAnd &amp#27;[0m&amp#27;[32mThe field Device Role: &amp#27;[0m&amp#27;[32m&amp#27;[1m"device_role"&amp#27;[0m&amp#27;[32m is selected&amp#27;[0m                 &amp#27;[90m# Api_Netbox_Zabbix_Integration.stepdefinitions.CreateDeviceStepDef.the_field_device_role_is_selected(java.lang.String)&amp#27;[0m
  &amp#27;[32mAnd &amp#27;[0m&amp#27;[32mThe field Device Type: &amp#27;[0m&amp#27;[32m&amp#27;[1m"Device Type"&amp#27;[0m&amp#27;[32m is selected&amp#27;[0m                 &amp#27;[90m# Api_Netbox_Zabbix_Integration.stepdefinitions.CreateDeviceStepDef.the_field_device_type_is_selected(java.lang.String)&amp#27;[0m
  &amp#27;[32mAnd &amp#27;[0m&amp#27;[32mThe field Site: &amp#27;[0m&amp#27;[32m&amp#27;[1m"SITIO-01"&amp#27;[0m&amp#27;[32m is selected&amp#27;[0m                           &amp#27;[90m# Api_Netbox_Zabbix_Integration.stepdefinitions.CreateDeviceStepDef.the_field_site_is_selected(java.lang.String)&amp#27;[0m
  &amp#27;[32mAnd &amp#27;[0m&amp#27;[32mThe field Platform: &amp#27;[0m&amp#27;[32m&amp#27;[1m"Template_Adrian"&amp#27;[0m&amp#27;[32m is selected&amp#27;[0m                &amp#27;[90m# Api_Netbox_Zabbix_Integration.stepdefinitions.CreateDeviceStepDef.the_field_platform_is_selected(java.lang.String)&amp#27;[0m
  &amp#27;[32mAnd &amp#27;[0m&amp#27;[32mThe button Create Device is clicked&amp#27;[0m                              &amp#27;[90m# Api_Netbox_Zabbix_Integration.stepdefinitions.CreateDeviceStepDef.the_button_create_device_is_clicked()&amp#27;[0m
  &amp#27;[32mGiven &amp#27;[0m&amp#27;[32mI log in successfully in Zabbix&amp#27;[0m                                &amp#27;[90m# Api_Netbox_Zabbix_Integration.stepdefinitions.CreateDeviceStepDef.iLogInSuccessfullyInZabbix()&amp#27;[0m
  &amp#27;[32mThen &amp#27;[0m&amp#27;[32mThe Zabbix host: &amp#27;[0m&amp#27;[32m&amp#27;[1m"E01_Test-01"&amp#27;[0m&amp#27;[32m interface is UPDATE_IP with port&amp#27;[0m &amp#27;[90m# Api_Netbox_Zabbix_Integration.stepdefinitions.CreateDeviceStepDef.theZabbixHostDeviceNameItsInterfaceIsUPDATE_IPWithPort(java.lang.String)&amp#27;[0m
  &amp#27;[32mAnd &amp#27;[0m&amp#27;[32mThe Netbox device: &amp#27;[0m&amp#27;[32m&amp#27;[1m"E01_Test-01"&amp#27;[0m&amp#27;[32m is displayed in Zabbix hosts&amp#27;[0m    &amp#27;[90m# Api_Netbox_Zabbix_Integration.stepdefinitions.CreateDeviceStepDef.the_netbox_device_is_displayed_in_zabbix_hosts(java.lang.String)&amp#27;[0m
  &amp#27;[32mAnd &amp#27;[0m&amp#27;[32mThe Zabbix host is related to the HostGroup: &amp#27;[0m&amp#27;[32m&amp#27;[1m"SITIO-01"&amp#27;[0m          &amp#27;[90m# Api_Netbox_Zabbix_Integration.stepdefinitions.CreateDeviceStepDef.the_zabbix_host_is_related_to_the_host_group(java.lang.String)&amp#27;[0m
  &amp#27;[32mAnd &amp#27;[0m&amp#27;[32mThe Zabbix host is related to the template: &amp#27;[0m&amp#27;[32m&amp#27;[1m"Template_Adrian"&amp#27;[0m    &amp#27;[90m# Api_Netbox_Zabbix_Integration.stepdefinitions.CreateDeviceStepDef.the_zabbix_host_is_related_to_the_template(java.lang.String)&amp#27;[0m
18:40:40.430 [main] INFO   - 
  _____   ___   ___   _____     ___     _     ___   ___   ___   ___  
 |_   _| | __| / __| |_   _|   | _ \   /_\   / __| / __| | __| |   \ 
   | |   | _|  \__ \   | |     |  _/  / _ \  \__ \ \__ \ | _|  | |) |
   |_|   |___| |___/   |_|     |_|   /_/ \_\ |___/ |___/ |___| |___/ 

Create Device with all the features
----------------------------------------------------------------------
]]></system-out>
    <system-err><![CDATA[jul. 18, 2023 6:40:23 P. M. org.openqa.selenium.remote.service.DriverService$Builder getLogOutput
INFO: Driver logs no longer sent to console by default; https://www.selenium.dev/documentation/webdriver/drivers/service/#setting-log-output
jul. 18, 2023 6:40:25 P. M. org.openqa.selenium.devtools.CdpVersionFinder findNearestMatch
WARNING: Unable to find an exact match for CDP version 115, so returning the closest version found: 114
]]></system-err>
  </testcase>
  <testcase name="Create Device with all the features #2" classname="Create NETBOX to ZABBIX" time="17.9">
    <system-out><![CDATA[
Scenario Outline: Create Device with all the features                  &amp#27;[90m# src/test/resources/features/1_Create_Device.feature:23&amp#27;[0m
18:40:40.510 [main] INFO  n.s.c.w.d.ChromeDriverProvider - Starting Chrome driver instance with capabilities:
18:40:40.511 [main] INFO  n.s.c.w.d.ChromeDriverProvider - Capabilities {acceptInsecureCerts: false, browserName: chrome, goog:chromeOptions: {args: [remote-allow-origins=*], extensions: []}}
  &amp#27;[32mGiven &amp#27;[0m&amp#27;[32mI am creating a device in Netbox&amp#27;[0m                               &amp#27;[90m# Api_Netbox_Zabbix_Integration.stepdefinitions.CreateDeviceStepDef.i_am_creating_a_device_in_netbox()&amp#27;[0m
  &amp#27;[32mWhen &amp#27;[0m&amp#27;[32mThe field Name is &amp#27;[0m&amp#27;[32m&amp#27;[1m"E01_Test-02"&amp#27;[0m                                 &amp#27;[90m# Api_Netbox_Zabbix_Integration.stepdefinitions.CreateDeviceStepDef.the_field_name_is(java.lang.String)&amp#27;[0m
  &amp#27;[32mAnd &amp#27;[0m&amp#27;[32mThe field Device Role: &amp#27;[0m&amp#27;[32m&amp#27;[1m"device_role"&amp#27;[0m&amp#27;[32m is selected&amp#27;[0m                 &amp#27;[90m# Api_Netbox_Zabbix_Integration.stepdefinitions.CreateDeviceStepDef.the_field_device_role_is_selected(java.lang.String)&amp#27;[0m
  &amp#27;[32mAnd &amp#27;[0m&amp#27;[32mThe field Device Type: &amp#27;[0m&amp#27;[32m&amp#27;[1m"Device Type"&amp#27;[0m&amp#27;[32m is selected&amp#27;[0m                 &amp#27;[90m# Api_Netbox_Zabbix_Integration.stepdefinitions.CreateDeviceStepDef.the_field_device_type_is_selected(java.lang.String)&amp#27;[0m
  &amp#27;[32mAnd &amp#27;[0m&amp#27;[32mThe field Site: &amp#27;[0m&amp#27;[32m&amp#27;[1m"SITIO-01"&amp#27;[0m&amp#27;[32m is selected&amp#27;[0m                           &amp#27;[90m# Api_Netbox_Zabbix_Integration.stepdefinitions.CreateDeviceStepDef.the_field_site_is_selected(java.lang.String)&amp#27;[0m
  &amp#27;[32mAnd &amp#27;[0m&amp#27;[32mThe field Platform: &amp#27;[0m&amp#27;[32m&amp#27;[1m"Template_Adrian"&amp#27;[0m&amp#27;[32m is selected&amp#27;[0m                &amp#27;[90m# Api_Netbox_Zabbix_Integration.stepdefinitions.CreateDeviceStepDef.the_field_platform_is_selected(java.lang.String)&amp#27;[0m
  &amp#27;[32mAnd &amp#27;[0m&amp#27;[32mThe button Create Device is clicked&amp#27;[0m                              &amp#27;[90m# Api_Netbox_Zabbix_Integration.stepdefinitions.CreateDeviceStepDef.the_button_create_device_is_clicked()&amp#27;[0m
  &amp#27;[32mGiven &amp#27;[0m&amp#27;[32mI log in successfully in Zabbix&amp#27;[0m                                &amp#27;[90m# Api_Netbox_Zabbix_Integration.stepdefinitions.CreateDeviceStepDef.iLogInSuccessfullyInZabbix()&amp#27;[0m
  &amp#27;[32mThen &amp#27;[0m&amp#27;[32mThe Zabbix host: &amp#27;[0m&amp#27;[32m&amp#27;[1m"E01_Test-02"&amp#27;[0m&amp#27;[32m interface is UPDATE_IP with port&amp#27;[0m &amp#27;[90m# Api_Netbox_Zabbix_Integration.stepdefinitions.CreateDeviceStepDef.theZabbixHostDeviceNameItsInterfaceIsUPDATE_IPWithPort(java.lang.String)&amp#27;[0m
  &amp#27;[32mAnd &amp#27;[0m&amp#27;[32mThe Netbox device: &amp#27;[0m&amp#27;[32m&amp#27;[1m"E01_Test-02"&amp#27;[0m&amp#27;[32m is displayed in Zabbix hosts&amp#27;[0m    &amp#27;[90m# Api_Netbox_Zabbix_Integration.stepdefinitions.CreateDeviceStepDef.the_netbox_device_is_displayed_in_zabbix_hosts(java.lang.String)&amp#27;[0m
  &amp#27;[32mAnd &amp#27;[0m&amp#27;[32mThe Zabbix host is related to the HostGroup: &amp#27;[0m&amp#27;[32m&amp#27;[1m"SITIO-01"&amp#27;[0m          &amp#27;[90m# Api_Netbox_Zabbix_Integration.stepdefinitions.CreateDeviceStepDef.the_zabbix_host_is_related_to_the_host_group(java.lang.String)&amp#27;[0m
  &amp#27;[32mAnd &amp#27;[0m&amp#27;[32mThe Zabbix host is related to the template: &amp#27;[0m&amp#27;[32m&amp#27;[1m"Template_Adrian"&amp#27;[0m    &amp#27;[90m# Api_Netbox_Zabbix_Integration.stepdefinitions.CreateDeviceStepDef.the_zabbix_host_is_related_to_the_template(java.lang.String)&amp#27;[0m
18:40:58.335 [main] INFO   - 
  _____   ___   ___   _____     ___     _     ___   ___   ___   ___  
 |_   _| | __| / __| |_   _|   | _ \   /_\   / __| / __| | __| |   \ 
   | |   | _|  \__ \   | |     |  _/  / _ \  \__ \ \__ \ | _|  | |) |
   |_|   |___| |___/   |_|     |_|   /_/ \_\ |___/ |___/ |___| |___/ 

Create Device with all the features
----------------------------------------------------------------------
]]></system-out>
    <system-err><![CDATA[jul. 18, 2023 6:40:40 P. M. org.openqa.selenium.remote.service.DriverService$Builder getLogOutput
INFO: Driver logs no longer sent to console by default; https://www.selenium.dev/documentation/webdriver/drivers/service/#setting-log-output
jul. 18, 2023 6:40:43 P. M. org.openqa.selenium.devtools.CdpVersionFinder findNearestMatch
WARNING: Unable to find an exact match for CDP version 115, so returning the closest version found: 114
]]></system-err>
  </testcase>
  <testcase name="Create Device with NO platform #1" classname="Create NETBOX to ZABBIX" time="12.368">
    <system-out><![CDATA[
Scenario Outline: Create Device with NO platform                       &amp#27;[90m# src/test/resources/features/1_Create_Device.feature:43&amp#27;[0m
18:40:58.343 [main] INFO   - 
  _____   ___   ___   _____     ___   _____     _     ___   _____   ___   ___  
 |_   _| | __| / __| |_   _|   / __| |_   _|   /_\   | _ \ |_   _| | __| |   \ 
   | |   | _|  \__ \   | |     \__ \   | |    / _ \  |   /   | |   | _|  | |) |
   |_|   |___| |___/   |_|     |___/   |_|   /_/ \_\ |_|_\   |_|   |___| |___/ 

Create Device with NO platform(create-netbox-to-zabbix;create-device-with-no-platform)
--------------------------------------------------------------------------------
18:40:58.402 [main] INFO  n.s.c.w.d.ChromeDriverProvider - Starting Chrome driver instance with capabilities:
18:40:58.402 [main] INFO  n.s.c.w.d.ChromeDriverProvider - Capabilities {acceptInsecureCerts: false, browserName: chrome, goog:chromeOptions: {args: [remote-allow-origins=*], extensions: []}}
  &amp#27;[32mGiven &amp#27;[0m&amp#27;[32mI am creating a device in Netbox&amp#27;[0m                               &amp#27;[90m# Api_Netbox_Zabbix_Integration.stepdefinitions.CreateDeviceStepDef.i_am_creating_a_device_in_netbox()&amp#27;[0m
  &amp#27;[32mWhen &amp#27;[0m&amp#27;[32mThe field Name is &amp#27;[0m&amp#27;[32m&amp#27;[1m"E02_Test-01"&amp#27;[0m                                 &amp#27;[90m# Api_Netbox_Zabbix_Integration.stepdefinitions.CreateDeviceStepDef.the_field_name_is(java.lang.String)&amp#27;[0m
  &amp#27;[32mAnd &amp#27;[0m&amp#27;[32mThe field Device Role: &amp#27;[0m&amp#27;[32m&amp#27;[1m"device_role"&amp#27;[0m&amp#27;[32m is selected&amp#27;[0m                 &amp#27;[90m# Api_Netbox_Zabbix_Integration.stepdefinitions.CreateDeviceStepDef.the_field_device_role_is_selected(java.lang.String)&amp#27;[0m
  &amp#27;[32mAnd &amp#27;[0m&amp#27;[32mThe field Device Type: &amp#27;[0m&amp#27;[32m&amp#27;[1m"Device Type"&amp#27;[0m&amp#27;[32m is selected&amp#27;[0m                 &amp#27;[90m# Api_Netbox_Zabbix_Integration.stepdefinitions.CreateDeviceStepDef.the_field_device_type_is_selected(java.lang.String)&amp#27;[0m
  &amp#27;[32mAnd &amp#27;[0m&amp#27;[32mThe field Site: &amp#27;[0m&amp#27;[32m&amp#27;[1m"SITIO-01"&amp#27;[0m&amp#27;[32m is selected&amp#27;[0m                           &amp#27;[90m# Api_Netbox_Zabbix_Integration.stepdefinitions.CreateDeviceStepDef.the_field_site_is_selected(java.lang.String)&amp#27;[0m
  &amp#27;[32mAnd &amp#27;[0m&amp#27;[32mThe button Create Device is clicked&amp#27;[0m                              &amp#27;[90m# Api_Netbox_Zabbix_Integration.stepdefinitions.CreateDeviceStepDef.the_button_create_device_is_clicked()&amp#27;[0m
  &amp#27;[32mGiven &amp#27;[0m&amp#27;[32mI log in successfully in Zabbix&amp#27;[0m                                &amp#27;[90m# Api_Netbox_Zabbix_Integration.stepdefinitions.CreateDeviceStepDef.iLogInSuccessfullyInZabbix()&amp#27;[0m
  &amp#27;[32mThen &amp#27;[0m&amp#27;[32mThe Zabbix host: &amp#27;[0m&amp#27;[32m&amp#27;[1m"E02_Test-01"&amp#27;[0m&amp#27;[32m interface is UPDATE_IP with port&amp#27;[0m &amp#27;[90m# Api_Netbox_Zabbix_Integration.stepdefinitions.CreateDeviceStepDef.theZabbixHostDeviceNameItsInterfaceIsUPDATE_IPWithPort(java.lang.String)&amp#27;[0m
  &amp#27;[32mAnd &amp#27;[0m&amp#27;[32mThe Netbox device: &amp#27;[0m&amp#27;[32m&amp#27;[1m"E02_Test-01"&amp#27;[0m&amp#27;[32m is displayed in Zabbix hosts&amp#27;[0m    &amp#27;[90m# Api_Netbox_Zabbix_Integration.stepdefinitions.CreateDeviceStepDef.the_netbox_device_is_displayed_in_zabbix_hosts(java.lang.String)&amp#27;[0m
  &amp#27;[32mAnd &amp#27;[0m&amp#27;[32mThe Zabbix host is related to the HostGroup: &amp#27;[0m&amp#27;[32m&amp#27;[1m"SITIO-01"&amp#27;[0m          &amp#27;[90m# Api_Netbox_Zabbix_Integration.stepdefinitions.CreateDeviceStepDef.the_zabbix_host_is_related_to_the_host_group(java.lang.String)&amp#27;[0m
18:41:10.703 [main] INFO   - 
  _____   ___   ___   _____     ___     _     ___   ___   ___   ___  
 |_   _| | __| / __| |_   _|   | _ \   /_\   / __| / __| | __| |   \ 
   | |   | _|  \__ \   | |     |  _/  / _ \  \__ \ \__ \ | _|  | |) |
   |_|   |___| |___/   |_|     |_|   /_/ \_\ |___/ |___/ |___| |___/ 

Create Device with NO platform
----------------------------------------------------------------------
]]></system-out>
    <system-err><![CDATA[jul. 18, 2023 6:40:58 P. M. org.openqa.selenium.remote.service.DriverService$Builder getLogOutput
INFO: Driver logs no longer sent to console by default; https://www.selenium.dev/documentation/webdriver/drivers/service/#setting-log-output
jul. 18, 2023 6:40:59 P. M. org.openqa.selenium.devtools.CdpVersionFinder findNearestMatch
WARNING: Unable to find an exact match for CDP version 115, so returning the closest version found: 114
]]></system-err>
  </testcase>
  <testcase name="Create Device with NO platform #2" classname="Create NETBOX to ZABBIX" time="13.411">
    <system-out><![CDATA[
Scenario Outline: Create Device with NO platform                       &amp#27;[90m# src/test/resources/features/1_Create_Device.feature:44&amp#27;[0m
18:41:10.763 [main] INFO  n.s.c.w.d.ChromeDriverProvider - Starting Chrome driver instance with capabilities:
18:41:10.764 [main] INFO  n.s.c.w.d.ChromeDriverProvider - Capabilities {acceptInsecureCerts: false, browserName: chrome, goog:chromeOptions: {args: [remote-allow-origins=*], extensions: []}}
  &amp#27;[32mGiven &amp#27;[0m&amp#27;[32mI am creating a device in Netbox&amp#27;[0m                               &amp#27;[90m# Api_Netbox_Zabbix_Integration.stepdefinitions.CreateDeviceStepDef.i_am_creating_a_device_in_netbox()&amp#27;[0m
  &amp#27;[32mWhen &amp#27;[0m&amp#27;[32mThe field Name is &amp#27;[0m&amp#27;[32m&amp#27;[1m"E02_Test-02"&amp#27;[0m                                 &amp#27;[90m# Api_Netbox_Zabbix_Integration.stepdefinitions.CreateDeviceStepDef.the_field_name_is(java.lang.String)&amp#27;[0m
  &amp#27;[32mAnd &amp#27;[0m&amp#27;[32mThe field Device Role: &amp#27;[0m&amp#27;[32m&amp#27;[1m"device_role"&amp#27;[0m&amp#27;[32m is selected&amp#27;[0m                 &amp#27;[90m# Api_Netbox_Zabbix_Integration.stepdefinitions.CreateDeviceStepDef.the_field_device_role_is_selected(java.lang.String)&amp#27;[0m
  &amp#27;[32mAnd &amp#27;[0m&amp#27;[32mThe field Device Type: &amp#27;[0m&amp#27;[32m&amp#27;[1m"Device Type"&amp#27;[0m&amp#27;[32m is selected&amp#27;[0m                 &amp#27;[90m# Api_Netbox_Zabbix_Integration.stepdefinitions.CreateDeviceStepDef.the_field_device_type_is_selected(java.lang.String)&amp#27;[0m
  &amp#27;[32mAnd &amp#27;[0m&amp#27;[32mThe field Site: &amp#27;[0m&amp#27;[32m&amp#27;[1m"SITIO-01"&amp#27;[0m&amp#27;[32m is selected&amp#27;[0m                           &amp#27;[90m# Api_Netbox_Zabbix_Integration.stepdefinitions.CreateDeviceStepDef.the_field_site_is_selected(java.lang.String)&amp#27;[0m
  &amp#27;[32mAnd &amp#27;[0m&amp#27;[32mThe button Create Device is clicked&amp#27;[0m                              &amp#27;[90m# Api_Netbox_Zabbix_Integration.stepdefinitions.CreateDeviceStepDef.the_button_create_device_is_clicked()&amp#27;[0m
  &amp#27;[32mGiven &amp#27;[0m&amp#27;[32mI log in successfully in Zabbix&amp#27;[0m                                &amp#27;[90m# Api_Netbox_Zabbix_Integration.stepdefinitions.CreateDeviceStepDef.iLogInSuccessfullyInZabbix()&amp#27;[0m
  &amp#27;[32mThen &amp#27;[0m&amp#27;[32mThe Zabbix host: &amp#27;[0m&amp#27;[32m&amp#27;[1m"E02_Test-02"&amp#27;[0m&amp#27;[32m interface is UPDATE_IP with port&amp#27;[0m &amp#27;[90m# Api_Netbox_Zabbix_Integration.stepdefinitions.CreateDeviceStepDef.theZabbixHostDeviceNameItsInterfaceIsUPDATE_IPWithPort(java.lang.String)&amp#27;[0m
  &amp#27;[32mAnd &amp#27;[0m&amp#27;[32mThe Netbox device: &amp#27;[0m&amp#27;[32m&amp#27;[1m"E02_Test-02"&amp#27;[0m&amp#27;[32m is displayed in Zabbix hosts&amp#27;[0m    &amp#27;[90m# Api_Netbox_Zabbix_Integration.stepdefinitions.CreateDeviceStepDef.the_netbox_device_is_displayed_in_zabbix_hosts(java.lang.String)&amp#27;[0m
  &amp#27;[32mAnd &amp#27;[0m&amp#27;[32mThe Zabbix host is related to the HostGroup: &amp#27;[0m&amp#27;[32m&amp#27;[1m"SITIO-01"&amp#27;[0m          &amp#27;[90m# Api_Netbox_Zabbix_Integration.stepdefinitions.CreateDeviceStepDef.the_zabbix_host_is_related_to_the_host_group(java.lang.String)&amp#27;[0m
18:41:24.116 [main] INFO   - 
  _____   ___   ___   _____     ___     _     ___   ___   ___   ___  
 |_   _| | __| / __| |_   _|   | _ \   /_\   / __| / __| | __| |   \ 
   | |   | _|  \__ \   | |     |  _/  / _ \  \__ \ \__ \ | _|  | |) |
   |_|   |___| |___/   |_|     |_|   /_/ \_\ |___/ |___/ |___| |___/ 

Create Device with NO platform
----------------------------------------------------------------------
]]></system-out>
    <system-err><![CDATA[jul. 18, 2023 6:41:10 P. M. org.openqa.selenium.remote.service.DriverService$Builder getLogOutput
INFO: Driver logs no longer sent to console by default; https://www.selenium.dev/documentation/webdriver/drivers/service/#setting-log-output
jul. 18, 2023 6:41:12 P. M. org.openqa.selenium.devtools.CdpVersionFinder findNearestMatch
WARNING: Unable to find an exact match for CDP version 115, so returning the closest version found: 114
]]></system-err>
  </testcase>
  <testcase name="Create Device with a SITE that not exist in Zabbix as HostGroup #1" classname="Create NETBOX to ZABBIX" time="13.889">
    <system-out><![CDATA[
Scenario Outline: Create Device with a SITE that not exist in Zabbix as HostGroup &amp#27;[90m# src/test/resources/features/1_Create_Device.feature:62&amp#27;[0m
18:41:24.121 [main] INFO   - 
  _____   ___   ___   _____     ___   _____     _     ___   _____   ___   ___  
 |_   _| | __| / __| |_   _|   / __| |_   _|   /_\   | _ \ |_   _| | __| |   \ 
   | |   | _|  \__ \   | |     \__ \   | |    / _ \  |   /   | |   | _|  | |) |
   |_|   |___| |___/   |_|     |___/   |_|   /_/ \_\ |_|_\   |_|   |___| |___/ 

Create Device with a SITE that not exist in Zabbix as HostGroup(create-netbox-to-zabbix;create-device-with-a-site-that-not-exist-in-zabbix-as-hostgroup)
--------------------------------------------------------------------------------
18:41:24.193 [main] INFO  n.s.c.w.d.ChromeDriverProvider - Starting Chrome driver instance with capabilities:
18:41:24.193 [main] INFO  n.s.c.w.d.ChromeDriverProvider - Capabilities {acceptInsecureCerts: false, browserName: chrome, goog:chromeOptions: {args: [remote-allow-origins=*], extensions: []}}
  &amp#27;[32mGiven &amp#27;[0m&amp#27;[32mI am creating a device in Netbox&amp#27;[0m                                          &amp#27;[90m# Api_Netbox_Zabbix_Integration.stepdefinitions.CreateDeviceStepDef.i_am_creating_a_device_in_netbox()&amp#27;[0m
  &amp#27;[32mWhen &amp#27;[0m&amp#27;[32mThe field Name is &amp#27;[0m&amp#27;[32m&amp#27;[1m"E03_Test-01"&amp#27;[0m                                            &amp#27;[90m# Api_Netbox_Zabbix_Integration.stepdefinitions.CreateDeviceStepDef.the_field_name_is(java.lang.String)&amp#27;[0m
  &amp#27;[32mAnd &amp#27;[0m&amp#27;[32mThe field Device Role: &amp#27;[0m&amp#27;[32m&amp#27;[1m"device_role"&amp#27;[0m&amp#27;[32m is selected&amp#27;[0m                            &amp#27;[90m# Api_Netbox_Zabbix_Integration.stepdefinitions.CreateDeviceStepDef.the_field_device_role_is_selected(java.lang.String)&amp#27;[0m
  &amp#27;[32mAnd &amp#27;[0m&amp#27;[32mThe field Device Type: &amp#27;[0m&amp#27;[32m&amp#27;[1m"Device Type"&amp#27;[0m&amp#27;[32m is selected&amp#27;[0m                            &amp#27;[90m# Api_Netbox_Zabbix_Integration.stepdefinitions.CreateDeviceStepDef.the_field_device_type_is_selected(java.lang.String)&amp#27;[0m
  &amp#27;[32mAnd &amp#27;[0m&amp#27;[32mThe field Site: &amp#27;[0m&amp#27;[32m&amp#27;[1m"SITIO-02"&amp#27;[0m&amp#27;[32m is selected&amp#27;[0m                                      &amp#27;[90m# Api_Netbox_Zabbix_Integration.stepdefinitions.CreateDeviceStepDef.the_field_site_is_selected(java.lang.String)&amp#27;[0m
  &amp#27;[32mAnd &amp#27;[0m&amp#27;[32mThe field Platform: &amp#27;[0m&amp#27;[32m&amp#27;[1m"Template_Adrian"&amp#27;[0m&amp#27;[32m is selected&amp#27;[0m                           &amp#27;[90m# Api_Netbox_Zabbix_Integration.stepdefinitions.CreateDeviceStepDef.the_field_platform_is_selected(java.lang.String)&amp#27;[0m
  &amp#27;[32mAnd &amp#27;[0m&amp#27;[32mThe button Create Device is clicked&amp#27;[0m                                         &amp#27;[90m# Api_Netbox_Zabbix_Integration.stepdefinitions.CreateDeviceStepDef.the_button_create_device_is_clicked()&amp#27;[0m
  &amp#27;[32mGiven &amp#27;[0m&amp#27;[32mI log in successfully in Zabbix&amp#27;[0m                                           &amp#27;[90m# Api_Netbox_Zabbix_Integration.stepdefinitions.CreateDeviceStepDef.iLogInSuccessfullyInZabbix()&amp#27;[0m
  &amp#27;[32mThen &amp#27;[0m&amp#27;[32mThe Zabbix host: &amp#27;[0m&amp#27;[32m&amp#27;[1m"E03_Test-01"&amp#27;[0m&amp#27;[32m does not appear in Zabbix&amp#27;[0m                   &amp#27;[90m# Api_Netbox_Zabbix_Integration.stepdefinitions.CreateDeviceStepDef.theZabbixHostDeviceNameDoesNotAppearInZabbix(java.lang.String)&amp#27;[0m
18:41:38.005 [main] INFO   - 
  _____   ___   ___   _____     ___     _     ___   ___   ___   ___  
 |_   _| | __| / __| |_   _|   | _ \   /_\   / __| / __| | __| |   \ 
   | |   | _|  \__ \   | |     |  _/  / _ \  \__ \ \__ \ | _|  | |) |
   |_|   |___| |___/   |_|     |_|   /_/ \_\ |___/ |___/ |___| |___/ 

Create Device with a SITE that not exist in Zabbix as HostGroup
----------------------------------------------------------------------
]]></system-out>
    <system-err><![CDATA[jul. 18, 2023 6:41:24 P. M. org.openqa.selenium.remote.service.DriverService$Builder getLogOutput
INFO: Driver logs no longer sent to console by default; https://www.selenium.dev/documentation/webdriver/drivers/service/#setting-log-output
jul. 18, 2023 6:41:27 P. M. org.openqa.selenium.devtools.CdpVersionFinder findNearestMatch
WARNING: Unable to find an exact match for CDP version 115, so returning the closest version found: 114
]]></system-err>
  </testcase>
  <testcase name="Create Device with a SITE that not exist in Zabbix as HostGroup #2" classname="Create NETBOX to ZABBIX" time="16.096">
    <system-out><![CDATA[
Scenario Outline: Create Device with a SITE that not exist in Zabbix as HostGroup &amp#27;[90m# src/test/resources/features/1_Create_Device.feature:63&amp#27;[0m
18:41:38.056 [main] INFO  n.s.c.w.d.ChromeDriverProvider - Starting Chrome driver instance with capabilities:
18:41:38.056 [main] INFO  n.s.c.w.d.ChromeDriverProvider - Capabilities {acceptInsecureCerts: false, browserName: chrome, goog:chromeOptions: {args: [remote-allow-origins=*], extensions: []}}
  &amp#27;[32mGiven &amp#27;[0m&amp#27;[32mI am creating a device in Netbox&amp#27;[0m                                          &amp#27;[90m# Api_Netbox_Zabbix_Integration.stepdefinitions.CreateDeviceStepDef.i_am_creating_a_device_in_netbox()&amp#27;[0m
  &amp#27;[32mWhen &amp#27;[0m&amp#27;[32mThe field Name is &amp#27;[0m&amp#27;[32m&amp#27;[1m"E03_Test-02"&amp#27;[0m                                            &amp#27;[90m# Api_Netbox_Zabbix_Integration.stepdefinitions.CreateDeviceStepDef.the_field_name_is(java.lang.String)&amp#27;[0m
  &amp#27;[32mAnd &amp#27;[0m&amp#27;[32mThe field Device Role: &amp#27;[0m&amp#27;[32m&amp#27;[1m"device_role"&amp#27;[0m&amp#27;[32m is selected&amp#27;[0m                            &amp#27;[90m# Api_Netbox_Zabbix_Integration.stepdefinitions.CreateDeviceStepDef.the_field_device_role_is_selected(java.lang.String)&amp#27;[0m
  &amp#27;[32mAnd &amp#27;[0m&amp#27;[32mThe field Device Type: &amp#27;[0m&amp#27;[32m&amp#27;[1m"Device Type"&amp#27;[0m&amp#27;[32m is selected&amp#27;[0m                            &amp#27;[90m# Api_Netbox_Zabbix_Integration.stepdefinitions.CreateDeviceStepDef.the_field_device_type_is_selected(java.lang.String)&amp#27;[0m
  &amp#27;[32mAnd &amp#27;[0m&amp#27;[32mThe field Site: &amp#27;[0m&amp#27;[32m&amp#27;[1m"SITIO-02"&amp#27;[0m&amp#27;[32m is selected&amp#27;[0m                                      &amp#27;[90m# Api_Netbox_Zabbix_Integration.stepdefinitions.CreateDeviceStepDef.the_field_site_is_selected(java.lang.String)&amp#27;[0m
  &amp#27;[32mAnd &amp#27;[0m&amp#27;[32mThe field Platform: &amp#27;[0m&amp#27;[32m&amp#27;[1m"Template_Adrian"&amp#27;[0m&amp#27;[32m is selected&amp#27;[0m                           &amp#27;[90m# Api_Netbox_Zabbix_Integration.stepdefinitions.CreateDeviceStepDef.the_field_platform_is_selected(java.lang.String)&amp#27;[0m
  &amp#27;[32mAnd &amp#27;[0m&amp#27;[32mThe button Create Device is clicked&amp#27;[0m                                         &amp#27;[90m# Api_Netbox_Zabbix_Integration.stepdefinitions.CreateDeviceStepDef.the_button_create_device_is_clicked()&amp#27;[0m
  &amp#27;[32mGiven &amp#27;[0m&amp#27;[32mI log in successfully in Zabbix&amp#27;[0m                                           &amp#27;[90m# Api_Netbox_Zabbix_Integration.stepdefinitions.CreateDeviceStepDef.iLogInSuccessfullyInZabbix()&amp#27;[0m
  &amp#27;[32mThen &amp#27;[0m&amp#27;[32mThe Zabbix host: &amp#27;[0m&amp#27;[32m&amp#27;[1m"E03_Test-02"&amp#27;[0m&amp#27;[32m does not appear in Zabbix&amp#27;[0m                   &amp#27;[90m# Api_Netbox_Zabbix_Integration.stepdefinitions.CreateDeviceStepDef.theZabbixHostDeviceNameDoesNotAppearInZabbix(java.lang.String)&amp#27;[0m
18:41:54.101 [main] INFO   - 
  _____   ___   ___   _____     ___     _     ___   ___   ___   ___  
 |_   _| | __| / __| |_   _|   | _ \   /_\   / __| / __| | __| |   \ 
   | |   | _|  \__ \   | |     |  _/  / _ \  \__ \ \__ \ | _|  | |) |
   |_|   |___| |___/   |_|     |_|   /_/ \_\ |___/ |___/ |___| |___/ 

Create Device with a SITE that not exist in Zabbix as HostGroup
----------------------------------------------------------------------
]]></system-out>
    <system-err><![CDATA[jul. 18, 2023 6:41:38 P. M. org.openqa.selenium.remote.service.DriverService$Builder getLogOutput
INFO: Driver logs no longer sent to console by default; https://www.selenium.dev/documentation/webdriver/drivers/service/#setting-log-output
jul. 18, 2023 6:41:40 P. M. org.openqa.selenium.devtools.CdpVersionFinder findNearestMatch
WARNING: Unable to find an exact match for CDP version 115, so returning the closest version found: 114
]]></system-err>
  </testcase>
  <testcase name="Cleaning up Netbox Devices" classname="Delete devices from NETBOX to ZABBIX" time="7.857">
    <system-out><![CDATA[18:41:54.105 [main] INFO   - Test Suite Started: Delete devices from NETBOX to ZABBIX

Scenario: Cleaning up Netbox Devices              &amp#27;[90m# src/test/resources/features/2_Delete_Device.feature:5&amp#27;[0m
18:41:54.110 [main] INFO   - 
  _____   ___   ___   _____     ___   _____     _     ___   _____   ___   ___  
 |_   _| | __| / __| |_   _|   / __| |_   _|   /_\   | _ \ |_   _| | __| |   \ 
   | |   | _|  \__ \   | |     \__ \   | |    / _ \  |   /   | |   | _|  | |) |
   |_|   |___| |___/   |_|     |___/   |_|   /_/ \_\ |_|_\   |_|   |___| |___/ 

Cleaning up Netbox Devices(delete-devices-from-netbox-to-zabbix;cleaning-up-netbox-devices)
--------------------------------------------------------------------------------
18:41:54.174 [main] INFO  n.s.c.w.d.ChromeDriverProvider - Starting Chrome driver instance with capabilities:
18:41:54.174 [main] INFO  n.s.c.w.d.ChromeDriverProvider - Capabilities {acceptInsecureCerts: false, browserName: chrome, goog:chromeOptions: {args: [remote-allow-origins=*], extensions: []}}
  &amp#27;[32mGiven &amp#27;[0m&amp#27;[32mThere are any device in Devices in Netbox&amp#27;[0m &amp#27;[90m# Api_Netbox_Zabbix_Integration.stepdefinitions.DeleteDeviceStepDef.thereAreAnyDeviceInDevicesInNetbox()&amp#27;[0m
18:42:01.221 [main] INFO   - 
  _____   ___   ___   _____     ___     _     ___   ___   ___   ___  
 |_   _| | __| / __| |_   _|   | _ \   /_\   / __| / __| | __| |   \ 
   | |   | _|  \__ \   | |     |  _/  / _ \  \__ \ \__ \ | _|  | |) |
   |_|   |___| |___/   |_|     |_|   /_/ \_\ |___/ |___/ |___| |___/ 

Cleaning up Netbox Devices
----------------------------------------------------------------------
]]></system-out>
    <system-err><![CDATA[jul. 18, 2023 6:41:54 P. M. org.openqa.selenium.remote.service.DriverService$Builder getLogOutput
INFO: Driver logs no longer sent to console by default; https://www.selenium.dev/documentation/webdriver/drivers/service/#setting-log-output
jul. 18, 2023 6:41:56 P. M. org.openqa.selenium.devtools.CdpVersionFinder findNearestMatch
WARNING: Unable to find an exact match for CDP version 115, so returning the closest version found: 114
]]></system-err>
  </testcase>
  <testcase name="Delete one Netbox Device #1" classname="Delete devices from NETBOX to ZABBIX" time="10.457">
    <system-out><![CDATA[
Scenario Outline: Delete one Netbox Device                  &amp#27;[90m# src/test/resources/features/2_Delete_Device.feature:16&amp#27;[0m
18:42:01.968 [main] INFO   - 
  _____   ___   ___   _____     ___   _____     _     ___   _____   ___   ___  
 |_   _| | __| / __| |_   _|   / __| |_   _|   /_\   | _ \ |_   _| | __| |   \ 
   | |   | _|  \__ \   | |     \__ \   | |    / _ \  |   /   | |   | _|  | |) |
   |_|   |___| |___/   |_|     |___/   |_|   /_/ \_\ |_|_\   |_|   |___| |___/ 

Delete one Netbox Device(delete-devices-from-netbox-to-zabbix;delete-one-netbox-device)
--------------------------------------------------------------------------------
18:42:02.035 [main] INFO  n.s.c.w.d.ChromeDriverProvider - Starting Chrome driver instance with capabilities:
18:42:02.035 [main] INFO  n.s.c.w.d.ChromeDriverProvider - Capabilities {acceptInsecureCerts: false, browserName: chrome, goog:chromeOptions: {args: [remote-allow-origins=*], extensions: []}}
  &amp#27;[32mGiven &amp#27;[0m&amp#27;[32mI have &amp#27;[0m&amp#27;[32m&amp#27;[1m"E01_DELETE-01"&amp#27;[0m&amp#27;[32m devices in Netbox and Zabbix&amp#27;[0m &amp#27;[90m# Api_Netbox_Zabbix_Integration.stepdefinitions.DeleteDeviceStepDef.i_have_devices_in_netbox_and_zabbix(java.lang.String)&amp#27;[0m
  &amp#27;[32mWhen &amp#27;[0m&amp#27;[32mI delete the device &amp#27;[0m&amp#27;[32m&amp#27;[1m"E01_DELETE-01"&amp#27;[0m                  &amp#27;[90m# Api_Netbox_Zabbix_Integration.stepdefinitions.DeleteDeviceStepDef.i_delete_the_device(java.lang.String)&amp#27;[0m
  &amp#27;[32mThen &amp#27;[0m&amp#27;[32m&amp#27;[0m&amp#27;[32m&amp#27;[1m"E01_DELETE-01"&amp#27;[0m&amp#27;[32m should not exist in Zabbix&amp#27;[0m           &amp#27;[90m# Api_Netbox_Zabbix_Integration.stepdefinitions.DeleteDeviceStepDef.should_not_exist_in_zabbix(java.lang.String)&amp#27;[0m
18:42:12.420 [main] INFO   - 
  _____   ___   ___   _____     ___     _     ___   ___   ___   ___  
 |_   _| | __| / __| |_   _|   | _ \   /_\   / __| / __| | __| |   \ 
   | |   | _|  \__ \   | |     |  _/  / _ \  \__ \ \__ \ | _|  | |) |
   |_|   |___| |___/   |_|     |_|   /_/ \_\ |___/ |___/ |___| |___/ 

Delete one Netbox Device
----------------------------------------------------------------------
]]></system-out>
    <system-err><![CDATA[jul. 18, 2023 6:42:02 P. M. org.openqa.selenium.remote.service.DriverService$Builder getLogOutput
INFO: Driver logs no longer sent to console by default; https://www.selenium.dev/documentation/webdriver/drivers/service/#setting-log-output
jul. 18, 2023 6:42:03 P. M. org.openqa.selenium.devtools.CdpVersionFinder findNearestMatch
WARNING: Unable to find an exact match for CDP version 115, so returning the closest version found: 114
]]></system-err>
  </testcase>
  <testcase name="Delete one Netbox Device #2" classname="Delete devices from NETBOX to ZABBIX" time="10.408">
    <system-out><![CDATA[
Scenario Outline: Delete one Netbox Device                  &amp#27;[90m# src/test/resources/features/2_Delete_Device.feature:17&amp#27;[0m
18:42:12.484 [main] INFO  n.s.c.w.d.ChromeDriverProvider - Starting Chrome driver instance with capabilities:
18:42:12.484 [main] INFO  n.s.c.w.d.ChromeDriverProvider - Capabilities {acceptInsecureCerts: false, browserName: chrome, goog:chromeOptions: {args: [remote-allow-origins=*], extensions: []}}
  &amp#27;[32mGiven &amp#27;[0m&amp#27;[32mI have &amp#27;[0m&amp#27;[32m&amp#27;[1m"E01_DELETE-02"&amp#27;[0m&amp#27;[32m devices in Netbox and Zabbix&amp#27;[0m &amp#27;[90m# Api_Netbox_Zabbix_Integration.stepdefinitions.DeleteDeviceStepDef.i_have_devices_in_netbox_and_zabbix(java.lang.String)&amp#27;[0m
  &amp#27;[32mWhen &amp#27;[0m&amp#27;[32mI delete the device &amp#27;[0m&amp#27;[32m&amp#27;[1m"E01_DELETE-02"&amp#27;[0m                  &amp#27;[90m# Api_Netbox_Zabbix_Integration.stepdefinitions.DeleteDeviceStepDef.i_delete_the_device(java.lang.String)&amp#27;[0m
  &amp#27;[32mThen &amp#27;[0m&amp#27;[32m&amp#27;[0m&amp#27;[32m&amp#27;[1m"E01_DELETE-02"&amp#27;[0m&amp#27;[32m should not exist in Zabbix&amp#27;[0m           &amp#27;[90m# Api_Netbox_Zabbix_Integration.stepdefinitions.DeleteDeviceStepDef.should_not_exist_in_zabbix(java.lang.String)&amp#27;[0m
18:42:22.828 [main] INFO   - 
  _____   ___   ___   _____     ___     _     ___   ___   ___   ___  
 |_   _| | __| / __| |_   _|   | _ \   /_\   / __| / __| | __| |   \ 
   | |   | _|  \__ \   | |     |  _/  / _ \  \__ \ \__ \ | _|  | |) |
   |_|   |___| |___/   |_|     |_|   /_/ \_\ |___/ |___/ |___| |___/ 

Delete one Netbox Device
----------------------------------------------------------------------
]]></system-out>
    <system-err><![CDATA[jul. 18, 2023 6:42:12 P. M. org.openqa.selenium.remote.service.DriverService$Builder getLogOutput
INFO: Driver logs no longer sent to console by default; https://www.selenium.dev/documentation/webdriver/drivers/service/#setting-log-output
jul. 18, 2023 6:42:14 P. M. org.openqa.selenium.devtools.CdpVersionFinder findNearestMatch
WARNING: Unable to find an exact match for CDP version 115, so returning the closest version found: 114
]]></system-err>
  </testcase>
  <testcase name="Delete many Netobx Devices" classname="Delete devices from NETBOX to ZABBIX" time="16.3">
    <system-out><![CDATA[
Scenario: Delete many Netobx Devices            &amp#27;[90m# src/test/resources/features/2_Delete_Device.feature:19&amp#27;[0m
18:42:22.834 [main] INFO   - 
  _____   ___   ___   _____     ___   _____     _     ___   _____   ___   ___  
 |_   _| | __| / __| |_   _|   / __| |_   _|   /_\   | _ \ |_   _| | __| |   \ 
   | |   | _|  \__ \   | |     \__ \   | |    / _ \  |   /   | |   | _|  | |) |
   |_|   |___| |___/   |_|     |___/   |_|   /_/ \_\ |_|_\   |_|   |___| |___/ 

Delete many Netobx Devices(delete-devices-from-netbox-to-zabbix;delete-many-netobx-devices)
--------------------------------------------------------------------------------
18:42:22.882 [main] INFO  n.s.c.w.d.ChromeDriverProvider - Starting Chrome driver instance with capabilities:
18:42:22.882 [main] INFO  n.s.c.w.d.ChromeDriverProvider - Capabilities {acceptInsecureCerts: false, browserName: chrome, goog:chromeOptions: {args: [remote-allow-origins=*], extensions: []}}
  &amp#27;[32mGiven &amp#27;[0m&amp#27;[32mI have &amp#27;[0m&amp#27;[32m&amp#27;[1m5&amp#27;[0m&amp#27;[32m Devices in Netbox and Zabbix&amp#27;[0m   &amp#27;[90m# Api_Netbox_Zabbix_Integration.stepdefinitions.DeleteDeviceStepDef.i_have_devices_in_netbox_and_zabbix(java.lang.Integer)&amp#27;[0m
  &amp#27;[32mWhen &amp#27;[0m&amp#27;[32mI delete all the devices&amp#27;[0m                 &amp#27;[90m# Api_Netbox_Zabbix_Integration.stepdefinitions.DeleteDeviceStepDef.i_delete_all_the_devices()&amp#27;[0m
  &amp#27;[32mThen &amp#27;[0m&amp#27;[32mI should not see the &amp#27;[0m&amp#27;[32m&amp#27;[1m5&amp#27;[0m&amp#27;[32m devices in Zabbix&amp#27;[0m &amp#27;[90m# Api_Netbox_Zabbix_Integration.stepdefinitions.DeleteDeviceStepDef.i_should_not_see_the_devices_in_zabbix(int)&amp#27;[0m
18:42:38.463 [main] INFO   - 
  _____   ___   ___   _____     ___     _     ___   ___   ___   ___  
 |_   _| | __| / __| |_   _|   | _ \   /_\   / __| / __| | __| |   \ 
   | |   | _|  \__ \   | |     |  _/  / _ \  \__ \ \__ \ | _|  | |) |
   |_|   |___| |___/   |_|     |_|   /_/ \_\ |___/ |___/ |___| |___/ 

Delete many Netobx Devices
----------------------------------------------------------------------
]]></system-out>
    <system-err><![CDATA[jul. 18, 2023 6:42:22 P. M. org.openqa.selenium.remote.service.DriverService$Builder getLogOutput
INFO: Driver logs no longer sent to console by default; https://www.selenium.dev/documentation/webdriver/drivers/service/#setting-log-output
jul. 18, 2023 6:42:24 P. M. org.openqa.selenium.devtools.CdpVersionFinder findNearestMatch
WARNING: Unable to find an exact match for CDP version 115, so returning the closest version found: 114
]]></system-err>
  </testcase>
</testsuite>